<?xml version="1.0" encoding="UTF-8"?>
<!-- Generated by org.testng.reporters.JUnitReportReporter -->
<testsuite hostname="RL-MSI" failures="0" tests="2" name="fakestoreapi.APItests" time="1.263" errors="0" timestamp="2025-04-13T16:05:40 IST" skipped="1">
  <testcase classname="fakestoreapi.APItests" name="putproduct" time="1.263"/>
  <testcase classname="fakestoreapi.APItests" name="getproducts">
    <skipped/>
  </testcase> <!-- getproducts -->
</testsuite> <!-- fakestoreapi.APItests -->
