<?xml version="1.0" encoding="UTF-8"?>
<!-- Generated by org.testng.reporters.JUnitReportReporter -->
<testsuite hostname="RL-MSI" failures="0" tests="1" name="fakestoreapi.APItests" time="0.583" errors="0" timestamp="2025-04-13T14:40:18 IST" skipped="0">
  <testcase classname="fakestoreapi.APItests" name="baseURL" time="0.583"/>
</testsuite> <!-- fakestoreapi.APItests -->
