<?xml version="1.0" encoding="UTF-8"?>
<!-- Generated by org.testng.reporters.JUnitReportReporter -->
<testsuite hostname="RL-MSI" failures="0" tests="1" name="fakestoreapi.Basetest" time="1.894" errors="0" timestamp="2025-04-13T10:18:39 IST" skipped="0">
  <testcase classname="fakestoreapi.Basetest" name="launch" time="1.894"/>
</testsuite> <!-- fakestoreapi.Basetest -->
